[2020-11-17 08:37:56]SwoStar\Config\Config Object
(
    [items:protected] => Array
        (
            [database] => Array
                (
                    [database] => Array
                        (
                            [host] => 127.0.0.1
                            [port] => 3306
                        )

                    [nosql] => Array
                        (
                            [redis] => Array
                                (
                                    [host] => 127.0.0.1
                                    [port] => 6379
                                )

                        )

                    [rdbms] => Array
                        (
                            [mysql] => Array
                                (
                                    [host] => 127.0.0.1
                                    [port] => 3306
                                )

                        )

                )

            [server] => Array
                (
                    [http] => Array
                        (
                            [host] => 0.0.0.0
                            [port] => 9001
                            [swoole] => Array
                                (
                                    [worker_num] => 4
                                    [task_num] => 4
                                )

                        )

                )

        )

)

